D:\new\Visual Studio 2010\Projects\Kratistos\Loader\Release\cl.command.1.tlog
D:\new\Visual Studio 2010\Projects\Kratistos\Loader\Release\CL.read.1.tlog
D:\new\Visual Studio 2010\Projects\Kratistos\Loader\Release\CL.write.1.tlog
D:\NEW\VISUAL STUDIO 2010\PROJECTS\KRATISTOS\LOADER\RELEASE\HOOKS.OBJ
D:\NEW\VISUAL STUDIO 2010\PROJECTS\KRATISTOS\LOADER\RELEASE\HVPEEKPOKE.OBJ
D:\new\Visual Studio 2010\Projects\Kratistos\Loader\Release\link.command.1.tlog
D:\new\Visual Studio 2010\Projects\Kratistos\Loader\Release\link.read.1.tlog
D:\new\Visual Studio 2010\Projects\Kratistos\Loader\Release\link.write.1.tlog
D:\NEW\VISUAL STUDIO 2010\PROJECTS\KRATISTOS\LOADER\RELEASE\LOADER.EXE
D:\new\Visual Studio 2010\Projects\Kratistos\Loader\Release\Loader.exp
D:\new\Visual Studio 2010\Projects\Kratistos\Loader\Release\Loader.lib
D:\NEW\VISUAL STUDIO 2010\PROJECTS\KRATISTOS\LOADER\RELEASE\LOADER.PCH
D:\NEW\VISUAL STUDIO 2010\PROJECTS\KRATISTOS\LOADER\RELEASE\LOADER.PDB
D:\new\Visual Studio 2010\Projects\Kratistos\Loader\Release\Loader.vcxprojResolveAssemblyReference.cache
D:\new\Visual Studio 2010\Projects\Kratistos\Loader\Release\Loader.write.1.tlog
D:\new\Visual Studio 2010\Projects\Kratistos\Loader\Release\Loader.xdb
D:\new\Visual Studio 2010\Projects\Kratistos\Loader\Release\Loader.xex
D:\NEW\VISUAL STUDIO 2010\PROJECTS\KRATISTOS\LOADER\RELEASE\MAIN.OBJ
D:\NEW\VISUAL STUDIO 2010\PROJECTS\KRATISTOS\LOADER\RELEASE\TITLESTUFF.OBJ
D:\NEW\VISUAL STUDIO 2010\PROJECTS\KRATISTOS\LOADER\RELEASE\UTILITY.OBJ
D:\NEW\VISUAL STUDIO 2010\PROJECTS\KRATISTOS\LOADER\RELEASE\VC100.PDB
